Using pre-set license
Built from '2020.3/staging' branch; Version is '2020.3.9f1 (108be757e447) revision 1084391'; Using compiler version '192528614'; Build Type 'Release'
OS: 'Windows 10 Home Single Language; OS build 19043.1288; Version 2009; 64bit' Language: 'ru' Physical Memory: 11663 MB
BatchMode: 1, IsHumanControllingUs: 0, StartBugReporterOnCrash: 0, Is64bit: 1, IsPro: 0

 COMMAND LINE ARGUMENTS:
C:\Program Files\Unity\Hub\Editor\2020.3.9f1\Editor\Unity.exe
-adb2
-batchMode
-noUpm
-name
AssetImportWorker0
-projectPath
C:/unity/GB/Unity3DLess
-logFile
Logs/AssetImportWorker0.log
-srvPort
63529
Successfully changed project path to: C:/unity/GB/Unity3DLess
C:/unity/GB/Unity3DLess
Using Asset Import Pipeline V2.
Refreshing native plugins compatible for Editor in 153.45 ms, found 0 plugins.
Preloading 0 native plugins for Editor in 0.00 ms.
Initialize engine version: 2020.3.9f1 (108be757e447)
[Subsystems] Discovering subsystems at path C:/Program Files/Unity/Hub/Editor/2020.3.9f1/Editor/Data/Resources/UnitySubsystems
[Subsystems] Discovering subsystems at path C:/unity/GB/Unity3DLess/Assets
GfxDevice: creating device client; threaded=0
Direct3D:
    Version:  Direct3D 11.0 [level 11.1]
    Renderer: AMD Radeon R5 Graphics (ID=0x9874)
    Vendor:   
    VRAM:     5831 MB
    Driver:   27.20.1034.6
Shader 'Universal Render Pipeline/Particles/Lit': fallback shader 'Universal Render Pipeline/Particles/SimpleLit' not found
Initialize mono
Mono path[0] = 'C:/Program Files/Unity/Hub/Editor/2020.3.9f1/Editor/Data/Managed'
Mono path[1] = 'C:/Program Files/Unity/Hub/Editor/2020.3.9f1/Editor/Data/MonoBleedingEdge/lib/mono/unityjit'
Mono config path = 'C:/Program Files/Unity/Hub/Editor/2020.3.9f1/Editor/Data/MonoBleedingEdge/etc'
Using monoOptions --debugger-agent=transport=dt_socket,embedding=1,server=y,suspend=n,address=127.0.0.1:56900
Begin MonoManager ReloadAssembly
Registering precompiled unity dll's ...
Register platform support module: C:/Program Files/Unity/Hub/Editor/2020.3.9f1/Editor/Data/PlaybackEngines/MacStandaloneSupport/UnityEditor.OSXStandalone.Extensions.dll
Register platform support module: C:/Program Files/Unity/Hub/Editor/2020.3.9f1/Editor/Data/PlaybackEngines/WindowsStandaloneSupport/UnityEditor.WindowsStandalone.Extensions.dll
Register platform support module: C:/Program Files/Unity/Hub/Editor/2020.3.9f1/Editor/Data/PlaybackEngines/LinuxStandaloneSupport/UnityEditor.LinuxStandalone.Extensions.dll
Registered in 0.020534 seconds.
Native extension for LinuxStandalone target not found
Native extension for WindowsStandalone target not found
Native extension for OSXStandalone target not found
Refreshing native plugins compatible for Editor in 160.51 ms, found 0 plugins.
Preloading 0 native plugins for Editor in 0.00 ms.
Mono: successfully reloaded assembly
- Completed reload, in 10.817 seconds
Platform modules already initialized, skipping
Registering precompiled user dll's ...
Registered in 0.011130 seconds.
Begin MonoManager ReloadAssembly
Native extension for LinuxStandalone target not found
Native extension for WindowsStandalone target not found
Native extension for OSXStandalone target not found
Refreshing native plugins compatible for Editor in 146.81 ms, found 0 plugins.
Preloading 0 native plugins for Editor in 0.00 ms.
Mono: successfully reloaded assembly
- Completed reload, in  4.628 seconds
Platform modules already initialized, skipping
========================================================================
Worker process is ready to serve import requests
Shader 'Universal Render Pipeline/Particles/Lit': fallback shader 'Universal Render Pipeline/Particles/SimpleLit' not found
Launched and connected shader compiler UnityShaderCompiler.exe after 0.14 seconds
Refreshing native plugins compatible for Editor in 2.01 ms, found 0 plugins.
Preloading 0 native plugins for Editor in 0.00 ms.
Unloading 2754 Unused Serialized files (Serialized files now loaded: 0)
System memory in use before: 162.2 MB.
System memory in use after: 162.1 MB.

Unloading 13 unused Assets to reduce memory usage. Loaded Objects now: 3226.
Total: 10.583700 ms (FindLiveObjects: 2.331900 ms CreateObjectMapping: 1.111200 ms MarkObjects: 6.003400 ms  DeleteObjects: 1.132900 ms)

========================================================================
Received Prepare
Registering precompiled user dll's ...
Registered in 0.008364 seconds.
Begin MonoManager ReloadAssembly
Native extension for LinuxStandalone target not found
Native extension for WindowsStandalone target not found
Native extension for OSXStandalone target not found
Refreshing native plugins compatible for Editor in 1.70 ms, found 0 plugins.
Preloading 0 native plugins for Editor in 0.00 ms.
Mono: successfully reloaded assembly
- Completed reload, in  2.518 seconds
Platform modules already initialized, skipping
Shader 'Universal Render Pipeline/Particles/Lit': fallback shader 'Universal Render Pipeline/Particles/SimpleLit' not found
Refreshing native plugins compatible for Editor in 1.48 ms, found 0 plugins.
Preloading 0 native plugins for Editor in 0.00 ms.
Unloading 2610 Unused Serialized files (Serialized files now loaded: 0)
System memory in use before: 148.4 MB.
System memory in use after: 148.3 MB.

Unloading 8 unused Assets to reduce memory usage. Loaded Objects now: 3230.
Total: 8.309400 ms (FindLiveObjects: 0.711900 ms CreateObjectMapping: 0.253900 ms MarkObjects: 6.313300 ms  DeleteObjects: 1.026800 ms)

========================================================================
Received Import Request.
  path: Assets/Script/I.cs
  artifactKey: Guid(cf849d17e74a753429e38ca00d275fe5) Importer(815301076,1909f56bfc062723c751e8b465ee728b)
Start importing Assets/Script/I.cs using Guid(cf849d17e74a753429e38ca00d275fe5) Importer(815301076,1909f56bfc062723c751e8b465ee728b)  -> (artifact id: '13a4a3bdff93d6d9559912f0d078601f') in 0.163376 seconds
  Import took 0.175592 seconds .

========================================================================
Received Import Request.
  Time since last request: 19.459280 seconds.
  path: Assets/Script/IKAnimation.cs
  artifactKey: Guid(cf849d17e74a753429e38ca00d275fe5) Importer(815301076,1909f56bfc062723c751e8b465ee728b)
Start importing Assets/Script/IKAnimation.cs using Guid(cf849d17e74a753429e38ca00d275fe5) Importer(815301076,1909f56bfc062723c751e8b465ee728b)  -> (artifact id: '01d2e827cb75b5f638cbe5be90297687') in 0.051781 seconds
  Import took 0.095970 seconds .

========================================================================
Received Prepare
Registering precompiled user dll's ...
Registered in 0.005541 seconds.
Begin MonoManager ReloadAssembly
Native extension for LinuxStandalone target not found
Native extension for WindowsStandalone target not found
Native extension for OSXStandalone target not found
Refreshing native plugins compatible for Editor in 2.04 ms, found 0 plugins.
Preloading 0 native plugins for Editor in 0.00 ms.
Mono: successfully reloaded assembly
- Completed reload, in  2.605 seconds
Platform modules already initialized, skipping
Shader 'Universal Render Pipeline/Particles/Lit': fallback shader 'Universal Render Pipeline/Particles/SimpleLit' not found
Refreshing native plugins compatible for Editor in 1.49 ms, found 0 plugins.
Preloading 0 native plugins for Editor in 0.00 ms.
Unloading 2610 Unused Serialized files (Serialized files now loaded: 0)
System memory in use before: 148.6 MB.
System memory in use after: 148.5 MB.

Unloading 8 unused Assets to reduce memory usage. Loaded Objects now: 3233.
Total: 7.780500 ms (FindLiveObjects: 0.701400 ms CreateObjectMapping: 0.318100 ms MarkObjects: 5.574900 ms  DeleteObjects: 1.183100 ms)

========================================================================
Received Prepare
Registering precompiled user dll's ...
Registered in 0.006603 seconds.
Begin MonoManager ReloadAssembly
Native extension for LinuxStandalone target not found
Native extension for WindowsStandalone target not found
Native extension for OSXStandalone target not found
Refreshing native plugins compatible for Editor in 1.62 ms, found 0 plugins.
Preloading 0 native plugins for Editor in 0.00 ms.
Mono: successfully reloaded assembly
- Completed reload, in  2.486 seconds
Platform modules already initialized, skipping
Shader 'Universal Render Pipeline/Particles/Lit': fallback shader 'Universal Render Pipeline/Particles/SimpleLit' not found
Refreshing native plugins compatible for Editor in 1.51 ms, found 0 plugins.
Preloading 0 native plugins for Editor in 0.00 ms.
Unloading 2610 Unused Serialized files (Serialized files now loaded: 0)
System memory in use before: 148.6 MB.
System memory in use after: 148.5 MB.

Unloading 8 unused Assets to reduce memory usage. Loaded Objects now: 3236.
Total: 6.893700 ms (FindLiveObjects: 0.679300 ms CreateObjectMapping: 0.267200 ms MarkObjects: 4.827000 ms  DeleteObjects: 1.115800 ms)

========================================================================
Received Import Request.
  Time since last request: 3238.271778 seconds.
  path: Assets/Script/IKAnimation.cs
  artifactKey: Guid(cf849d17e74a753429e38ca00d275fe5) Importer(815301076,1909f56bfc062723c751e8b465ee728b)
Start importing Assets/Script/IKAnimation.cs using Guid(cf849d17e74a753429e38ca00d275fe5) Importer(815301076,1909f56bfc062723c751e8b465ee728b)  -> (artifact id: 'e312cf3cb92df3273b9c1b5fa78f211c') in 0.018343 seconds
  Import took 0.030014 seconds .

========================================================================
Received Prepare
Registering precompiled user dll's ...
Registered in 0.005885 seconds.
Begin MonoManager ReloadAssembly
Native extension for LinuxStandalone target not found
Native extension for WindowsStandalone target not found
Native extension for OSXStandalone target not found
Refreshing native plugins compatible for Editor in 1.96 ms, found 0 plugins.
Preloading 0 native plugins for Editor in 0.00 ms.
Mono: successfully reloaded assembly
- Completed reload, in  2.558 seconds
Platform modules already initialized, skipping
Shader 'Universal Render Pipeline/Particles/Lit': fallback shader 'Universal Render Pipeline/Particles/SimpleLit' not found
Refreshing native plugins compatible for Editor in 1.52 ms, found 0 plugins.
Preloading 0 native plugins for Editor in 0.00 ms.
Unloading 2610 Unused Serialized files (Serialized files now loaded: 0)
System memory in use before: 148.6 MB.
System memory in use after: 148.5 MB.

Unloading 8 unused Assets to reduce memory usage. Loaded Objects now: 3239.
Total: 7.916800 ms (FindLiveObjects: 0.715400 ms CreateObjectMapping: 0.386700 ms MarkObjects: 5.738900 ms  DeleteObjects: 1.071700 ms)

========================================================================
Received Prepare
Registering precompiled user dll's ...
Registered in 0.005477 seconds.
Begin MonoManager ReloadAssembly
Native extension for LinuxStandalone target not found
Native extension for WindowsStandalone target not found
Native extension for OSXStandalone target not found
Refreshing native plugins compatible for Editor in 1.40 ms, found 0 plugins.
Preloading 0 native plugins for Editor in 0.00 ms.
Mono: successfully reloaded assembly
- Completed reload, in  2.800 seconds
Platform modules already initialized, skipping
Shader 'Universal Render Pipeline/Particles/Lit': fallback shader 'Universal Render Pipeline/Particles/SimpleLit' not found
Refreshing native plugins compatible for Editor in 1.57 ms, found 0 plugins.
Preloading 0 native plugins for Editor in 0.00 ms.
Unloading 2610 Unused Serialized files (Serialized files now loaded: 0)
System memory in use before: 148.6 MB.
System memory in use after: 148.5 MB.

Unloading 8 unused Assets to reduce memory usage. Loaded Objects now: 3242.
Total: 8.137400 ms (FindLiveObjects: 0.931200 ms CreateObjectMapping: 0.322500 ms MarkObjects: 5.848400 ms  DeleteObjects: 1.031500 ms)

========================================================================
Received Import Request.
  Time since last request: 1960.882886 seconds.
  path: Assets/Standard Assets/Characters/ThirdPersonCharacter/Prefabs/AIThirdPersonController.prefab
  artifactKey: Guid(54eb5844754051b40a918a84c33b7c1a) Importer(815301076,1909f56bfc062723c751e8b465ee728b)
Start importing Assets/Standard Assets/Characters/ThirdPersonCharacter/Prefabs/AIThirdPersonController.prefab using Guid(54eb5844754051b40a918a84c33b7c1a) Importer(815301076,1909f56bfc062723c751e8b465ee728b)  -> (artifact id: '357d8858e3a7fcd01580ea23f5ec83ed') in 0.753489 seconds
  Import took 0.778460 seconds .

========================================================================
Received Prepare
Registering precompiled user dll's ...
Registered in 0.007229 seconds.
Begin MonoManager ReloadAssembly
Native extension for LinuxStandalone target not found
Native extension for WindowsStandalone target not found
Native extension for OSXStandalone target not found
Refreshing native plugins compatible for Editor in 1.34 ms, found 0 plugins.
Preloading 0 native plugins for Editor in 0.00 ms.
Mono: successfully reloaded assembly
- Completed reload, in  2.522 seconds
Platform modules already initialized, skipping
Shader 'Universal Render Pipeline/Particles/Lit': fallback shader 'Universal Render Pipeline/Particles/SimpleLit' not found
Refreshing native plugins compatible for Editor in 1.87 ms, found 0 plugins.
Preloading 0 native plugins for Editor in 0.00 ms.
Unloading 2610 Unused Serialized files (Serialized files now loaded: 0)
System memory in use before: 151.7 MB.
System memory in use after: 151.6 MB.

Unloading 8 unused Assets to reduce memory usage. Loaded Objects now: 3252.
Total: 7.562200 ms (FindLiveObjects: 0.779400 ms CreateObjectMapping: 0.390700 ms MarkObjects: 5.372800 ms  DeleteObjects: 1.015500 ms)

========================================================================
Received Prepare
Registering precompiled user dll's ...
Registered in 0.005906 seconds.
Begin MonoManager ReloadAssembly
Native extension for LinuxStandalone target not found
Native extension for WindowsStandalone target not found
Native extension for OSXStandalone target not found
Refreshing native plugins compatible for Editor in 1.60 ms, found 0 plugins.
Preloading 0 native plugins for Editor in 0.00 ms.
Mono: successfully reloaded assembly
- Completed reload, in  3.000 seconds
Platform modules already initialized, skipping
Shader 'Universal Render Pipeline/Particles/Lit': fallback shader 'Universal Render Pipeline/Particles/SimpleLit' not found
Refreshing native plugins compatible for Editor in 1.66 ms, found 0 plugins.
Preloading 0 native plugins for Editor in 0.00 ms.
Unloading 2610 Unused Serialized files (Serialized files now loaded: 0)
System memory in use before: 151.7 MB.
System memory in use after: 151.6 MB.

Unloading 8 unused Assets to reduce memory usage. Loaded Objects now: 3255.
Total: 7.920700 ms (FindLiveObjects: 0.752300 ms CreateObjectMapping: 0.273100 ms MarkObjects: 5.288500 ms  DeleteObjects: 1.602500 ms)

========================================================================
Received Import Request.
  Time since last request: 1602.570164 seconds.
  path: Assets/Script
  artifactKey: Guid(257c372075ce2ac43b1b51bd12870a0a) Importer(815301076,1909f56bfc062723c751e8b465ee728b)
Start importing Assets/Script using Guid(257c372075ce2ac43b1b51bd12870a0a) Importer(815301076,1909f56bfc062723c751e8b465ee728b)  -> (artifact id: '1cd227fd3e35ce6b13f3f3a79df96dad') in 0.020796 seconds
  Import took 0.034019 seconds .

========================================================================
Received Import Request.
  Time since last request: 22.527511 seconds.
  path: Assets/Script/Ragdoll.cs
  artifactKey: Guid(66d81ad098d67eb4b9573bce7425fc74) Importer(815301076,1909f56bfc062723c751e8b465ee728b)
Start importing Assets/Script/Ragdoll.cs using Guid(66d81ad098d67eb4b9573bce7425fc74) Importer(815301076,1909f56bfc062723c751e8b465ee728b)  -> (artifact id: 'ba443f2d2429410e4fc995f339dbd87e') in 0.052560 seconds
  Import took 0.125638 seconds .

========================================================================
Received Prepare
Registering precompiled user dll's ...
Registered in 0.006971 seconds.
Begin MonoManager ReloadAssembly
Native extension for LinuxStandalone target not found
Native extension for WindowsStandalone target not found
Native extension for OSXStandalone target not found
Refreshing native plugins compatible for Editor in 3.04 ms, found 0 plugins.
Preloading 0 native plugins for Editor in 0.00 ms.
Mono: successfully reloaded assembly
- Completed reload, in  3.163 seconds
Platform modules already initialized, skipping
Shader 'Universal Render Pipeline/Particles/Lit': fallback shader 'Universal Render Pipeline/Particles/SimpleLit' not found
Refreshing native plugins compatible for Editor in 1.57 ms, found 0 plugins.
Preloading 0 native plugins for Editor in 0.00 ms.
Unloading 2611 Unused Serialized files (Serialized files now loaded: 0)
System memory in use before: 151.7 MB.
System memory in use after: 151.6 MB.

Unloading 8 unused Assets to reduce memory usage. Loaded Objects now: 3259.
Total: 10.463700 ms (FindLiveObjects: 0.828600 ms CreateObjectMapping: 0.342700 ms MarkObjects: 8.109300 ms  DeleteObjects: 1.178700 ms)

========================================================================
Received Prepare
Registering precompiled user dll's ...
Registered in 0.005461 seconds.
Begin MonoManager ReloadAssembly
Native extension for LinuxStandalone target not found
Native extension for WindowsStandalone target not found
Native extension for OSXStandalone target not found
Refreshing native plugins compatible for Editor in 1.44 ms, found 0 plugins.
Preloading 0 native plugins for Editor in 0.00 ms.
Mono: successfully reloaded assembly
- Completed reload, in  2.596 seconds
Platform modules already initialized, skipping
Shader 'Universal Render Pipeline/Particles/Lit': fallback shader 'Universal Render Pipeline/Particles/SimpleLit' not found
Refreshing native plugins compatible for Editor in 1.96 ms, found 0 plugins.
Preloading 0 native plugins for Editor in 0.00 ms.
Unloading 2611 Unused Serialized files (Serialized files now loaded: 0)
System memory in use before: 151.7 MB.
System memory in use after: 151.6 MB.

Unloading 8 unused Assets to reduce memory usage. Loaded Objects now: 3262.
Total: 8.249400 ms (FindLiveObjects: 0.662300 ms CreateObjectMapping: 0.253300 ms MarkObjects: 6.100500 ms  DeleteObjects: 1.229400 ms)

========================================================================
Received Prepare
Registering precompiled user dll's ...
Registered in 0.007012 seconds.
Begin MonoManager ReloadAssembly
Native extension for LinuxStandalone target not found
Native extension for WindowsStandalone target not found
Native extension for OSXStandalone target not found
Refreshing native plugins compatible for Editor in 1.82 ms, found 0 plugins.
Preloading 0 native plugins for Editor in 0.00 ms.
Mono: successfully reloaded assembly
- Completed reload, in  2.346 seconds
Platform modules already initialized, skipping
Shader 'Universal Render Pipeline/Particles/Lit': fallback shader 'Universal Render Pipeline/Particles/SimpleLit' not found
Refreshing native plugins compatible for Editor in 1.88 ms, found 0 plugins.
Preloading 0 native plugins for Editor in 0.00 ms.
Unloading 2611 Unused Serialized files (Serialized files now loaded: 0)
System memory in use before: 151.7 MB.
System memory in use after: 151.6 MB.

Unloading 8 unused Assets to reduce memory usage. Loaded Objects now: 3265.
Total: 8.828800 ms (FindLiveObjects: 0.726800 ms CreateObjectMapping: 0.552300 ms MarkObjects: 6.286700 ms  DeleteObjects: 1.258300 ms)

AssetImportWorkerClient::OnTransportError - code=2 error=End of file
